C51 COMPILER V7.01  CONFIGURATION                                                          07/12/2006 14:11:31 PAGE 1   


C51 COMPILER V7.01, COMPILATION OF MODULE CONFIGURATION
OBJECT MODULE PLACED IN .\bin\configuration.obj
COMPILER INVOKED BY: C:\Keil\C51\BIN\C51.EXE src\configuration.c LARGE BROWSE INTVECTOR(0X8000) DEBUG OBJECTEXTEND SYMBO
                    -LS PRINT(.\lst\configuration.lst) OBJECT(.\bin\configuration.obj)

stmt level    source

   1          /* Configuration of the device */
   2          #include <reg515.h>
   3          #include <stdio.h>
   4          #include <stdlib.h>
   5          #include <string.h>
   6          #include <intrins.h>
   7          #include "timer.h"
   8          #include "lcddrv.h"
   9          #include "kbddrv.h"
  10          #include "menu.h"
  11          #include "applications.h"
  12          #include "configuration.h"
  13          #include "i2cdrv.h"
  14          
  15          configuration_t current_config = {
  16          /* unsigned char engine_delay; */ 10,
  17          /* unsigned char start_time;   */  3,
  18          /* unsigned char start_delay;  */ 30,
  19          /* unsigned char restart_delay; */ 7,
  20          /* unsigned char return_delay; */ 60
  21          };
C51 COMPILER V7.01  CONFIGURATION                                                          07/12/2006 14:11:31 PAGE 2   

NAME                                    CLASS   MSPACE  TYPE    OFFSET  SIZE
====                                    =====   ======  ====    ======  ====


app_current_t. . . . . . . . . . . . .  TYPEDEF  -----  U_CHAR   -----  1
ENTER. . . . . . . . . . . . . . . . .  E_CONST  -----  U_CHAR   -----  1
P4 . . . . . . . . . . . . . . . . . .  SFR      DATA   U_CHAR   00E8H  1
T_RELAYS . . . . . . . . . . . . . . .  E_CONST  -----  U_CHAR   -----  1
T_KEYBOARD . . . . . . . . . . . . . .  E_CONST  -----  U_CHAR   -----  1
T_LED. . . . . . . . . . . . . . . . .  E_CONST  -----  U_CHAR   -----  1
A_SHOWCONF . . . . . . . . . . . . . .  E_CONST  -----  U_CHAR   -----  1
menu_t . . . . . . . . . . . . . . . .  TYPEDEF  -----  STRUCT   -----  9
  name . . . . . . . . . . . . . . . .  MEMBER   -----  PTR      0000H  3
  func . . . . . . . . . . . . . . . .  MEMBER   -----  PTR      0003H  3
  submenu. . . . . . . . . . . . . . .  MEMBER   -----  PTR      0006H  3
INITIAL. . . . . . . . . . . . . . . .  E_CONST  -----  U_CHAR   -----  1
lcd_state_t. . . . . . . . . . . . . .  TYPEDEF  -----  U_CHAR   -----  1
size_t . . . . . . . . . . . . . . . .  TYPEDEF  -----  U_INT    -----  2
T_CURSOR . . . . . . . . . . . . . . .  E_CONST  -----  U_CHAR   -----  1
PUTCHAR. . . . . . . . . . . . . . . .  E_CONST  -----  U_CHAR   -----  1
IDLE . . . . . . . . . . . . . . . . .  E_CONST  -----  U_CHAR   -----  1
T_CLOCK. . . . . . . . . . . . . . . .  E_CONST  -----  U_CHAR   -----  1
UP . . . . . . . . . . . . . . . . . .  E_CONST  -----  U_CHAR   -----  1
timer_id_t . . . . . . . . . . . . . .  TYPEDEF  -----  U_CHAR   -----  1
NO_OF_APPS . . . . . . . . . . . . . .  E_CONST  -----  U_CHAR   -----  1
menu_keys_t. . . . . . . . . . . . . .  TYPEDEF  -----  U_CHAR   -----  1
K_ENTER. . . . . . . . . . . . . . . .  E_CONST  -----  U_CHAR   -----  1
T_LIGHT. . . . . . . . . . . . . . . .  E_CONST  -----  U_CHAR   -----  1
kbd_key_code_t . . . . . . . . . . . .  TYPEDEF  -----  U_CHAR   -----  1
NONE . . . . . . . . . . . . . . . . .  E_CONST  -----  U_CHAR   -----  1
K_EXTRA. . . . . . . . . . . . . . . .  E_CONST  -----  U_CHAR   -----  1
ESCAPE . . . . . . . . . . . . . . . .  E_CONST  -----  U_CHAR   -----  1
WAIT . . . . . . . . . . . . . . . . .  E_CONST  -----  U_CHAR   -----  1
DOWN . . . . . . . . . . . . . . . . .  E_CONST  -----  U_CHAR   -----  1
A_NOTHING. . . . . . . . . . . . . . .  E_CONST  -----  U_CHAR   -----  1
K_ENTER_LONG . . . . . . . . . . . . .  E_CONST  -----  U_CHAR   -----  1
NO_OF_TIMERS . . . . . . . . . . . . .  E_CONST  -----  U_CHAR   -----  1
T_DISPLAY. . . . . . . . . . . . . . .  E_CONST  -----  U_CHAR   -----  1
K_UP . . . . . . . . . . . . . . . . .  E_CONST  -----  U_CHAR   -----  1
configuration_t. . . . . . . . . . . .  TYPEDEF  -----  STRUCT   -----  5
  engine_delay . . . . . . . . . . . .  MEMBER   -----  U_CHAR   0000H  1
  start_time . . . . . . . . . . . . .  MEMBER   -----  U_CHAR   0001H  1
  start_delay. . . . . . . . . . . . .  MEMBER   -----  U_CHAR   0002H  1
  restart_delay. . . . . . . . . . . .  MEMBER   -----  U_CHAR   0003H  1
  return_delay . . . . . . . . . . . .  MEMBER   -----  U_CHAR   0004H  1
A_MENU . . . . . . . . . . . . . . . .  E_CONST  -----  U_CHAR   -----  1
K_NONE . . . . . . . . . . . . . . . .  E_CONST  -----  U_CHAR   -----  1
K_ESCAPE . . . . . . . . . . . . . . .  E_CONST  -----  U_CHAR   -----  1
A_DATETIMESET. . . . . . . . . . . . .  E_CONST  -----  U_CHAR   -----  1
current_config . . . . . . . . . . . .  PUBLIC   XDATA  STRUCT   0000H  5
K_UP_LONG. . . . . . . . . . . . . . .  E_CONST  -----  U_CHAR   -----  1
RETURN . . . . . . . . . . . . . . . .  E_CONST  -----  U_CHAR   -----  1
K_DOWN . . . . . . . . . . . . . . . .  E_CONST  -----  U_CHAR   -----  1
T_BEEPER . . . . . . . . . . . . . . .  E_CONST  -----  U_CHAR   -----  1
NEXTLINE . . . . . . . . . . . . . . .  E_CONST  -----  U_CHAR   -----  1
T_MENU . . . . . . . . . . . . . . . .  E_CONST  -----  U_CHAR   -----  1
T_WAIT . . . . . . . . . . . . . . . .  E_CONST  -----  U_CHAR   -----  1
A_CHARHELP . . . . . . . . . . . . . .  E_CONST  -----  U_CHAR   -----  1
wchar_t. . . . . . . . . . . . . . . .  TYPEDEF  -----  CHAR     -----  1
K_ESCAPE_LONG. . . . . . . . . . . . .  E_CONST  -----  U_CHAR   -----  1
T_SECOND . . . . . . . . . . . . . . .  E_CONST  -----  U_CHAR   -----  1
C51 COMPILER V7.01  CONFIGURATION                                                          07/12/2006 14:11:31 PAGE 3   

NAME                                    CLASS   MSPACE  TYPE    OFFSET  SIZE
====                                    =====   ======  ====    ======  ====


K_DOWN_LONG. . . . . . . . . . . . . .  E_CONST  -----  U_CHAR   -----  1


MODULE INFORMATION:   STATIC OVERLAYABLE
   CODE SIZE        =   ----    ----
   CONSTANT SIZE    =   ----    ----
   XDATA SIZE       =      5    ----
   PDATA SIZE       =   ----    ----
   DATA SIZE        =   ----    ----
   IDATA SIZE       =   ----    ----
   BIT SIZE         =   ----    ----
END OF MODULE INFORMATION.


C51 COMPILATION COMPLETE.  0 WARNING(S),  0 ERROR(S)
